<?xml version="1.0" encoding="UTF-8"?>
<testsuite xmlns:xsi="http://www.w3.org/2001/XMLSchema-instance" xsi:noNamespaceSchemaLocation="https://maven.apache.org/surefire/maven-surefire-plugin/xsd/surefire-test-report-3.0.xsd" version="3.0" name="com.jatin.jwtauth.service.AuthServiceTest" time="0.176" tests="5" errors="0" skipped="0" failures="0">
  <properties>
[...]
</properties>
  <testcase name="login_validCredentials_returnsAuthResponse" classname="com.jatin.jwtauth.service.AuthServiceTest" time="0.165"/>
  <testcase name="register_duplicateUsername_throwsException" classname="com.jatin.jwtauth.service.AuthServiceTest" time="0.011"/>
  <testcase name="register_newUsername_returnsAuthResponse" classname="com.jatin.jwtauth.service.AuthServiceTest" time="0.0"/>
  <testcase name="login_wrongCredentials_throwsBadCredentialsException" classname="com.jatin.jwtauth.service.AuthServiceTest" time="0.0"/>
  <testcase name="register_passwordIsEncoded" classname="com.jatin.jwtauth.service.AuthServiceTest" time="0.0"/>
</testsuite>